d:\alvaro\3º electro 19_20\2º semestre\informatica industrial\laboratorio\lab-informatica\p5\pang\tmp\debug\vc142.pdb
d:\alvaro\3º electro 19_20\2º semestre\informatica industrial\laboratorio\lab-informatica\p5\pang\tmp\debug\vc142.idb
d:\alvaro\3º electro 19_20\2º semestre\informatica industrial\laboratorio\lab-informatica\p5\pang\tmp\debug\vector2d.obj
d:\alvaro\3º electro 19_20\2º semestre\informatica industrial\laboratorio\lab-informatica\p5\pang\tmp\debug\pared.obj
d:\alvaro\3º electro 19_20\2º semestre\informatica industrial\laboratorio\lab-informatica\p5\pang\tmp\debug\pang.obj
d:\alvaro\3º electro 19_20\2º semestre\informatica industrial\laboratorio\lab-informatica\p5\pang\tmp\debug\mundo.obj
d:\alvaro\3º electro 19_20\2º semestre\informatica industrial\laboratorio\lab-informatica\p5\pang\tmp\debug\listaesferas.obj
d:\alvaro\3º electro 19_20\2º semestre\informatica industrial\laboratorio\lab-informatica\p5\pang\tmp\debug\listadisparos.obj
d:\alvaro\3º electro 19_20\2º semestre\informatica industrial\laboratorio\lab-informatica\p5\pang\tmp\debug\interaccion.obj
d:\alvaro\3º electro 19_20\2º semestre\informatica industrial\laboratorio\lab-informatica\p5\pang\tmp\debug\hombre.obj
d:\alvaro\3º electro 19_20\2º semestre\informatica industrial\laboratorio\lab-informatica\p5\pang\tmp\debug\esfera.obj
d:\alvaro\3º electro 19_20\2º semestre\informatica industrial\laboratorio\lab-informatica\p5\pang\tmp\debug\disparo.obj
d:\alvaro\3º electro 19_20\2º semestre\informatica industrial\laboratorio\lab-informatica\p5\pang\tmp\debug\caja.obj
d:\alvaro\3º electro 19_20\2º semestre\informatica industrial\laboratorio\lab-informatica\p5\pang\tmp\debug\bonus.obj
d:\alvaro\3º electro 19_20\2º semestre\informatica industrial\laboratorio\lab-informatica\p5\pang\bin\pang.exe
d:\alvaro\3º electro 19_20\2º semestre\informatica industrial\laboratorio\lab-informatica\p5\pang\bin\pang.ilk
d:\alvaro\3º electro 19_20\2º semestre\informatica industrial\laboratorio\lab-informatica\p5\pang\bin\pang.pdb
d:\alvaro\3º electro 19_20\2º semestre\informatica industrial\laboratorio\lab-informatica\p5\pang\tmp\debug\pang.tlog\cl.command.1.tlog
d:\alvaro\3º electro 19_20\2º semestre\informatica industrial\laboratorio\lab-informatica\p5\pang\tmp\debug\pang.tlog\cl.read.1.tlog
d:\alvaro\3º electro 19_20\2º semestre\informatica industrial\laboratorio\lab-informatica\p5\pang\tmp\debug\pang.tlog\cl.write.1.tlog
d:\alvaro\3º electro 19_20\2º semestre\informatica industrial\laboratorio\lab-informatica\p5\pang\tmp\debug\pang.tlog\link.command.1.tlog
d:\alvaro\3º electro 19_20\2º semestre\informatica industrial\laboratorio\lab-informatica\p5\pang\tmp\debug\pang.tlog\link.read.1.tlog
d:\alvaro\3º electro 19_20\2º semestre\informatica industrial\laboratorio\lab-informatica\p5\pang\tmp\debug\pang.tlog\link.write.1.tlog
